<?xml version="1.0" encoding="UTF-8"?>
<!-- Generated by org.testng.reporters.JUnitReportReporter -->
<testsuite hostname="FLW-GodsfavourNwoko-PC" failures="0" tests="2" name="frameworktutorial.tests.ErrorValidations" time="31.039" errors="0" timestamp="2024-06-16T00:18:37 WAT" skipped="0">
  <testcase classname="frameworktutorial.tests.ErrorValidations" name="LoginErrorValidation" time="10.771"/>
  <testcase classname="frameworktutorial.tests.ErrorValidations" name="ProductErrorValidation" time="20.268"/>
</testsuite> <!-- frameworktutorial.tests.ErrorValidations -->
