<?xml version="1.0" encoding="UTF-8"?>
<!-- Generated by org.testng.reporters.JUnitReportReporter -->
<testsuite hostname="FLW-GodsfavourNwoko-PC" failures="0" tests="2" name="frameworktutorial.tests.SubmitOrderTest" time="50.629" errors="0" timestamp="2024-06-23T22:42:34 WAT" skipped="0">
  <testcase classname="frameworktutorial.tests.SubmitOrderTest" name="submitOrder" time="19.306"/>
  <testcase classname="frameworktutorial.tests.SubmitOrderTest" name="submitOrder" time="31.323"/>
</testsuite> <!-- frameworktutorial.tests.SubmitOrderTest -->
