<?xml version="1.0" encoding="UTF-8"?>
<!-- Generated by org.testng.reporters.JUnitReportReporter -->
<testsuite hostname="FLW-GodsfavourNwoko-PC" failures="0" tests="2" name="frameworktutorial.tests.ErrorValidationsTest" time="24.984" errors="0" timestamp="2024-06-23T22:33:22 WAT" skipped="0">
  <testcase classname="frameworktutorial.tests.ErrorValidationsTest" name="ProductErrorValidation" time="17.734"/>
  <testcase classname="frameworktutorial.tests.ErrorValidationsTest" name="LoginErrorValidation" time="7.250"/>
</testsuite> <!-- frameworktutorial.tests.ErrorValidationsTest -->
