<?xml version="1.0" encoding="UTF-8"?>
<!-- Generated by org.testng.reporters.JUnitReportReporter -->
<testsuite hostname="FLW-GodsfavourNwoko-PC" failures="0" tests="2" name="frameworktutorial.tests.SubmitOrderTest" time="36.484" errors="0" timestamp="2024-06-24T00:19:44 WAT" skipped="0">
  <testcase classname="frameworktutorial.tests.SubmitOrderTest" name="submitOrder" time="18.727"/>
  <testcase classname="frameworktutorial.tests.SubmitOrderTest" name="submitOrder" time="17.757"/>
</testsuite> <!-- frameworktutorial.tests.SubmitOrderTest -->
